{"倒计时":"",
"简单封装了下":"",
"应用范围比较狭窄":"",
"可以在此基础上进行扩展使用":"",
"比如加入":"",
"可控等":"",
"是否显示明文":"",
"是否开始倒计时":"",
"是否显示获取验证码":"",
"二选一":"",
"类型":"",
"值":"",
"框内提示":"",
"获取验证码":"",
"倒计时时间设置":"",
"最大长度":"",
"是否显示密码图标":"",
"标题":"",
"准备触发":"",
"先清理一次循环":"",
"避免缓存":"",
"是否显示密码":"",
"传出值":"",
"设置获取验证码的事件":"",
"判断是否开始倒计时":"",
"避免重复点击":"",
"开始倒计时":"",
"判断是否需要终止循环":"",
"初始倒计时":"",
"清理循环":"",
"关闭循环状态":"",
"倒数秒数":"",
"处理值":"",
"验证码倒计时计算":"",
"高度":"",
"优先显示密码可见按钮":"",
"输入类型":"",
"占位符":"",
"是否显示清除按钮":"",
"是否显示密码可见按钮":"",
"自动获取焦点":"",
"显示密码明文":"",
"是否获取焦点":"",
"图标类型":"",
"图标颜色":"",
"图标大小":"",
"上拉的状态":"",
"前":"",
"中":"",
"没有更多了":"",
"上拉显示更多":"",
"正在加载":"",
"没有更多数据了":"",
"取消":"",
"所在地区":"",
"确定":"",
"选出的值":"",
"请选择":"",
"选中数据":"",
"联动长度":"",
"省":"",
"市":"",
"区":"",
"是否强制选择":"",
"如果":"",
"选择到市的时候就可以确定了":"",
"但是还可以选择到区":"",
"当前选择":"",
"选择的值":"",
"请选择的显示":"",
"请求数据":"",
"切换对应的类型":"",
"选择":"",
"登录弹窗":"",
"授权登录":"",
"关闭弹窗":"",
"开赛时间":"",
"已开赛":"",
"赛事已结束":"",
"波胆":"",
"上半场波胆":"",
"加载动画开始":"",
"加载动画结束":"",
"加载中":"",
"优惠活动":"",
"赛事结果查询":"",
"重要公告":"",
"下载":"",
"在线客服":"",
"退出":"",
"发布时间":"",
"弹窗标题":"",
"遮罩层动画":"",
"显示信息层":"",
"是否显示":"",
"点击遮罩层关闭弹窗":"",
"禁止页面滚动":"",
"生效":"",
"靠下":"",
"居中":"",
"传进来的值":"",
"遮罩层":"",
"操作":"",
"请输入":"",
"确认":"",
"第一次加载":"",
"方法":"",
"打开弹窗":"",
"加载动画组件":"",
"小程序登录弹窗组件":"",
"写下这个页面的描述":"",
"最新":"",
"大公司":"",
"内容":"",
"消费":"",
"娱乐":"",
"区块链":"",
"提示":"",
"提示内容":"",
"提示消息":"",
"提示信息字体颜色":"",
"确定按钮字体颜色":"",
"取消按钮字体颜色":"",
"显示取消按钮":"",
"样式类型":"",
"是否加阴影":"",
"宽度":"",
"或":"",
"字体大小":"",
"形状":"",
"圆角":"",
"默认方形":"",
"平角":"",
"样式":"",
"去掉边框":"",
"结合":"",
"一起使用":"",
"禁用后背景是否为灰色":"",
"非空心":"",
"是否需要阻止重复点击":"",
"默认":"",
"是否需要":"",
"控制键盘显示":"",
"是否直接显示":"",
"不需要动画":"",
"一般使用在锁屏密码":"",
"是否带圆角":"",
"清除":"",
"关闭":"",
"背景颜色":"",
"输入框的值":"",
"数组格式":"",
"长度即为输入框个数":"",
"密码圆点":"",
"标签页":"",
"只对左右":"",
"起作用":"",
"上下为":"",
"背景色":"",
"是否固定":"",
"是否去掉底部线条":"",
"当前选项卡":"",
"滑块宽度":"",
"滑块高度":"",
"滑块背景颜色":"",
"滑块":"",
"标签页宽度":"",
"字体颜色":"",
"选中后字体颜色":"",
"选中后":"",
"是否加粗":"",
"未选中则无效":"",
"高度自适应":"",
"点击标题切换当前页时改变样式":"",
"今天":"",
"初一":"",
"年":"",
"月":"",
"回到今天":"",
"日":"",
"一":"",
"二":"",
"三":"",
"四":"",
"五":"",
"六":"",
"日历":"",
"日历组件可以查看日期":"",
"选择任意范围内的日期":"",
"打点操作":"",
"常用场景如":"",
"酒店日期预订":"",
"火车机票选择购买日期":"",
"上下班打卡等":"",
"自定义当前时间":"",
"默认为今天":"",
"显示农历":"",
"日期选择范围":"",
"开始日期":"",
"结束日期":"",
"范围选择":"",
"插入模式":"",
"默认为":"",
"弹窗模式":"",
"弹窗模式是否清空上次选择内容":"",
"打点":"",
"期待格式":"",
"签到":"",
"自定义信息":"",
"自定义消息头":"",
"是否选择月份为背景":"",
"日期改变":"",
"时生效":"",
"确认选择":"",
"切换月份时触发":"",
"获取日历方法实例":"",
"选中某一天":"",
"取消穿透":"",
"初始化日期显示":"",
"打开日历弹窗":"",
"弹窗模式并且清理数据":"",
"关闭日历弹窗":"",
"确认按钮":"",
"变化触发":"",
"选择月份触发":"",
"派发事件":"",
"选择天触发":"",
"设置多选":"",
"上个月":"",
"下个月":"",
"设置日期":"",
"加载更多":"",
"用于列表中":"",
"做滚动加载使用":"",
"展示":"",
"的各种状态":"",
"的状态":"",
"指定图标大小":"",
"图标":"",
"指定图标样式":"",
"雪花加载样式":"",
"安卓唤醒加载样式":"",
"根据平台自动选择加载样式":"",
"图标和文字颜色":"",
"各状态文字说明":"",
"值为":"",
"点击加载更多时触发":"",
"自定义导航栏":"",
"通告栏组件":"",
"文字滚动的速度":"",
"秒":"",
"显示文字":"",
"文字颜色":"",
"查看更多文字的颜色":"",
"设置":"",
"查看更多":"",
"的文本":"",
"是否单行":"",
"是否滚动":"",
"为":"",
"时":"",
"为单行":"",
"是否显示左侧喇叭图标":"",
"是否显示左侧关闭按钮":"",
"是否显示右侧查看更多图标":"",
"点击":"",
"触发事件":"",
"时触发事件":"",
"滚动":"",
"添加后控制单行效果取消":"",
"是否显示左侧":"",
"是否显示右侧查看更多":"",
"标题插槽":"",
"优先显示图标":"",
"导航栏组件":"",
"主要用于头部导航":"",
"标题文字":"",
"左侧按钮文本":"",
"右侧按钮文本":"",
"左侧按钮图标":"",
"图标类型参考":"",
"属性":"",
"右侧按钮图标":"",
"导航栏背景颜色":"",
"是否固定顶部":"",
"是否包含状态栏":"",
"导航栏下是否有阴影":"",
"左侧按钮点击时触发":"",
"右侧按钮点击时触发":"",
"中间标题点击时触发":"",
"请输入搜索内容":"",
"标题栏":"",
"标题装饰类型":"",
"竖线":"",
"圆形":"",
"主标题":"",
"副标题":"",
"步骤条":"",
"评分组件":"",
"当前步骤":"",
"横向":"",
"纵向":"",
"选中状态的颜色":"",
"数据源":"",
"格式为":"",
"排列方向":"",
"激活状态颜色":"",
"未激活状态颜色":"",
"数据":"",
"计算":"",
"的":"",
"富文本组件":"",
"富文本数据":"",
"是否在播放一个视频时自动暂停其他视频":"",
"是否自动给所有表格添加一个滚动层":"",
"是否自动将":"",
"标签中的内容设置到页面标题":"",
"压缩等级":"",
"图片":"",
"视频等链接的主域名":"",
"是否开启图片懒加载":"",
"是否开启长按复制":"",
"标签的默认样式":"",
"是否使用渐显动画":"",
"是否使用锚点":"",
"是否缓存解析结果":"",
"解析完成事件":"",
"加载完成事件":"",
"所有图片加载完毕事件":"",
"错误事件":"",
"图片点击事件":"",
"链接点击事件":"",
"图片数组":"",
"去重":"",
"暂存":"",
"处理":"",
"和":"",
"懒加载":"",
"获取标题":"",
"图片处理":"",
"链接处理":"",
"视频处理":"",
"音频处理":"",
"表格处理":"",
"缓存读取":"",
"非本插件产生的":"",
"需要进行一些转换":"",
"错误的":"",
"类型已废弃":"",
"块级标签前后加换行":"",
"接收":"",
"消息":"",
"下拉加载区域":"",
"支付宝小程序子组件传参给子子组件仍报单项数据流的异常":"",
"暂时不通过":"",
"组件实现":"",
"列表内容":"",
"空布局":"",
"上拉加载区域":"",
"下拉刷新时不显示":"",
"此处不能用":"",
"否则":"",
"小程序快速上拉可能会不断触发上拉回调":"",
"无数据":"",
"底部是否偏移":"",
"的高度":"",
"默认仅在":"",
"端的":"",
"页生效":"",
"适配":"",
"回到顶部按钮":"",
"元素需写在":"",
"外面":"",
"防止降级为":"",
"引入":"",
"处理核心逻辑":"",
"引入全局配置":"",
"引入空布局组件":"",
"引入回到顶部组件":"",
"实例":"",
"下拉刷新":"",
"容器高度":"",
"下拉比率":"",
"下拉刷新状态":"",
"上拉加载状态":"",
"显示":"",
"文本提示":"",
"不显示":"",
"是否显示空布局":"",
"是否显示回到顶部按钮":"",
"可使用窗口的高度":"",
"可使用窗口的底部位置":"",
"状态栏高度":"",
"下拉刷新的参数配置":"",
"上拉加载的参数配置":"",
"下拉布局往下的偏移量":"",
"支持":"",
"格式的值":"",
"其中纯数字则默认单位":"",
"百分比则相对于":"",
"上拉布局往上的偏移量":"",
"的偏移量是否加上底部安全区的距离":"",
"需要适配":"",
"时使用":"",
"指定":"",
"最小高度":"",
"使列表不满屏仍可下拉":"",
"高度是否减去导航栏和状态栏部分":"",
"下拉布局往下偏移的距离":"",
"上拉布局往上偏移":"",
"是否为重置下拉的状态":"",
"过渡":"",
"会使":"",
"失效":"",
"需注意把":"",
"元素写在":"",
"之外":"",
"是否在加载中":"",
"旋转的角度":"",
"的数值":"",
"传百分比":"",
"则相对于":"",
"传":"",
"则等于":"",
"注册列表":"",
"事件":"",
"用于下拉刷新":"",
"点击空布局的按钮回调":"",
"点击回到顶部的按钮回调":"",
"执行回到顶部":"",
"派发点击回到顶部按钮的回调":"",
"使用":"",
"初始化":"",
"对象":"",
"如果用":"",
"部分":"",
"样式编译到":"",
"会失效":"",
"下拉刷新的配置":"",
"下拉的距离进入":"",
"范围内那一刻的回调":"",
"自定义":"",
"组件时":"",
"此行不可删":"",
"下拉的距离大于":"",
"那一刻的回调":"",
"下拉过程中的回调":"",
"滑动过程一直在执行":"",
"设置下拉区域的高度":"",
"显示下拉刷新进度的回调":"",
"结束下拉":"",
"派发下拉刷新的回调":"",
"上拉加载的配置":"",
"显示加载中的回调":"",
"显示无更多数据的回调":"",
"隐藏上拉加载的回调":"",
"显示隐藏的回调":"",
"回到顶部":"",
"派发上拉加载的回调":"",
"混入全局的配置":"",
"深拷贝":"",
"避免对":"",
"的影响":"",
"混入具体界面的配置":"",
"传入":"",
"标记":"",
"为滚动区域":"",
"回调":"",
"设置高度":"",
"使":"",
"在":"",
"小程序下拉会卡顿":"",
"无法像":"",
"那样通过设置":"",
"解决":"",
"只能用动画过渡缓解":"",
"因为使用的是":"",
"这里需自定义":"",
"滚动到指定":"",
"必须为元素的":"",
"不带":"",
"延时确保":"",
"已渲染":"",
"不使用":"",
"滚动到指定位置":"",
"必须为数字":"",
"具体的界面如果不配置":"",
"则取本":"",
"状态栏":"",
"元素":"",
"需写在":"",
"防止滚动的时候抖动":"",
"随机生成":"",
"不能数字开头":"",
"否则找不到元素":"",
"滚动条的位置":"",
"是否开启滚动动画":"",
"可使用窗口的顶部位置":"",
"的偏移量是否加上状态栏高度":"",
"使用场景":"",
"取消原生导航栏时":"",
"配置此项可留出状态栏的占位":"",
"支持传入字符串背景":"",
"如色值":"",
"背景图":"",
"渐变":"",
"是否通过":"",
"固定":"",
"此项有值":"",
"则不使用":"",
"是否使用":"",
"定位":"",
"当":"",
"有值":"",
"列表是否可滑动":"",
"注册列表滚动事件":"",
"用于下拉刷新和上拉加载":"",
"此时可直接通过":"",
"获取滚动条位置":"",
"获取是否向上滑动":"",
"更新滚动区域的高度":"",
"使内容不满屏和到底":"",
"都可继续翻页":"",
"避免多次获取":"",
"确保":"",
"支付宝小程序不支持":"",
"而字节跳动小程序必须写":"",
"否则都取不到值":"",
"极少部分情况":"",
"可能":"",
"还未渲染完毕":"",
"递归获取":"",
"最多重试":"",
"次":"",
"过渡动画执行完毕后":"",
"需重置为":"",
"以便置空":"",
"避免":"",
"小程序列表渲染不完整":"",
"更新容器的高度":"",
"多":"",
"的情况":"",
"附带":"",
"则不使用动画过渡":"",
"第一个参数如果为字符串":"",
"则使用":"",
"微信小程序暂不支持":"",
"里面的":"",
"只能计算位置实现":"",
"到顶部的距离":"",
"必须变化才会生效":"",
"所以此处先置空再赋值":"",
"使用默认配置的":"",
"则使用系统自带的动画过渡":"",
"此写法可支持配置":"",
"设置容器的高度":"",
"按钮内容":"",
"禁用":"",
"变量控制开关":"",
"是否自动关闭":"",
"的索引值":"",
"开始触摸时间":"",
"开始触摸距离":"",
"最大距离":"",
"滑动距离":"",
"上次的位置":"",
"手指触摸动作开始":"",
"储存手指触摸坐标":"",
"当前时间戳":"",
"当前坐标":"",
"手指触摸后移动":"",
"手指当前坐标":"",
"计算滑动距离":"",
"判断左滑还是右滑":"",
"计算当前已滑动距离":"",
"判断是否大于滑动的最大宽度":"",
"手指触摸动作被打断":"",
"如来电提醒":"",
"弹窗":"",
"手指触摸动作结束":"",
"最终判断滑动":"",
"手指离开的时间":"",
"手机滑动屏幕的总花费时间":"",
"手指触摸总滑动距离":"",
"判断最终滑动方向":"",
"判断是否滑动到左边":"",
"滑动距离超过":"",
"分之一":"",
"或者":"",
"滑动时间在":"",
"毫秒并且距离在":"",
"判断是否滑动到右边":"",
"主页页面的页面路径":"",
"关联功能":"",
"打开的页面只有一个的时候右上角自动显示返回首页按钮":"",
"下面这个数组是排除显示返回首页的页面":"",
"主页使用场景":"",
"小程序分享出去的页面":"",
"用户点击开是分享页面":"",
"很多情况下是没有返回首页按钮的":"",
"返回首页的地址":"",
"白色表达值":"",
"是否显示返回按钮":"",
"显示返回按钮":"",
"不显示返回按钮":"",
"自定义返回按钮方法":"",
"点击返回箭头后会发送一个":"",
"是否显示返回首页按钮":"",
"显示首页按钮":"",
"不显示首页按钮":"",
"自定义首页按钮方法":"",
"点击首页箭头后会发送一个":"",
"导航背景色":"",
"支持渐变":"",
"导航背景色渐变角度":"",
"导航字体颜色":"",
"字体颜色为白色的时候会把手机状态栏设置为白色":"",
"否则为黑色":"",
"标题是否居中":"",
"为固定":"",
"普通的":"",
"不固定":"",
"透明不固定的":"",
"透明固定的":"",
"透明固定的时候字体颜色":"",
"屏幕滑动距离顶部距离":"",
"透明固定导航比传":"",
"是否显示阴影":"",
"当前页面是否是第一个页面":"",
"透明度值":"",
"字体色":"",
"透明底字体色":"",
"导航栏高度":"",
"上次显示的导航栏颜色":"",
"导航固定":"",
"导航底部线是否显示":"",
"导航字体是否是白色颜色":"",
"右上角是否有两个按钮":"",
"获取手机状态栏高度":"",
"获取所有页面":"",
"判断是否是第一个页面":"",
"如果是有设置":"",
"的页面":"",
"将不显示返回箭头":"",
"而显示返回首页按钮":"",
"返回上一页面":"",
"返回首页":"",
"获取导航背景颜色":"",
"设置手机状态栏颜色":"",
"改变手机状态栏颜色":"",
"颜色白色":"",
"文本":"",
"视频":"",
"音频":"",
"链接":"",
"广告":"",
"按需打开注释":"",
"列表":"",
"表格":"",
"富文本":"",
"上避免":"",
"错位需要延时渲染":"",
"获取顶层组件":"",
"链接已复制":"",
"加载其他":"",
"在这里引入自定义样式":"",
"链接和图片效果":"",
"可作为独立的组件":"",
"的页面也能单独引入":"",
"以便":"",
"全局统一管理":"",
"的配置项":"",
"获取配置":"",
"用于支持":"",
"的动态配置":"",
"此处不使用短路求值":"",
"用于支持传空串不显示图标":"",
"用于支持传空串不显示文本提示":"",
"点击按钮":"",
"无任何数据的空布局":"",
"最终会降级为":"",
"下拉刷新区域":"",
"下拉状态":"",
"支付宝小程序需写成计算属性":"",
"定义":"",
"仍报错":"",
"回到顶部的按钮":"",
"优先显示左边":"",
"右边距离":"",
"派发点击事件":"",
"加上":"",
"避免编译到":"",
"在多":"",
"中定位失效":"",
"变量":"",
"淡入":"",
"隐藏":"",
"淡出且不接收事件":"",
"上拉加载的状态":""}